mode: set
github.com/hashicorp/consul/acl/chained_authorizer.go:16.66,20.2 1 1
github.com/hashicorp/consul/acl/chained_authorizer.go:22.60,24.2 1 0
github.com/hashicorp/consul/acl/chained_authorizer.go:26.114,27.32 1 1
github.com/hashicorp/consul/acl/chained_authorizer.go:33.2,33.13 1 1
github.com/hashicorp/consul/acl/chained_authorizer.go:27.32,29.26 2 1
github.com/hashicorp/consul/acl/chained_authorizer.go:29.26,31.4 1 1
github.com/hashicorp/consul/acl/chained_authorizer.go:37.84,38.67 1 1
github.com/hashicorp/consul/acl/chained_authorizer.go:38.67,40.3 1 1
github.com/hashicorp/consul/acl/chained_authorizer.go:44.85,45.67 1 1
github.com/hashicorp/consul/acl/chained_authorizer.go:45.67,47.3 1 1
github.com/hashicorp/consul/acl/chained_authorizer.go:52.99,53.67 1 1
github.com/hashicorp/consul/acl/chained_authorizer.go:53.67,55.3 1 1
github.com/hashicorp/consul/acl/chained_authorizer.go:60.100,61.67 1 1
github.com/hashicorp/consul/acl/chained_authorizer.go:61.67,63.3 1 1
github.com/hashicorp/consul/acl/chained_authorizer.go:67.99,68.67 1 1
github.com/hashicorp/consul/acl/chained_authorizer.go:68.67,70.3 1 1
github.com/hashicorp/consul/acl/chained_authorizer.go:74.100,75.67 1 1
github.com/hashicorp/consul/acl/chained_authorizer.go:75.67,77.3 1 1
github.com/hashicorp/consul/acl/chained_authorizer.go:82.98,83.67 1 1
github.com/hashicorp/consul/acl/chained_authorizer.go:83.67,85.3 1 1
github.com/hashicorp/consul/acl/chained_authorizer.go:89.105,90.67 1 1
github.com/hashicorp/consul/acl/chained_authorizer.go:90.67,92.3 1 1
github.com/hashicorp/consul/acl/chained_authorizer.go:97.106,98.67 1 1
github.com/hashicorp/consul/acl/chained_authorizer.go:98.67,100.3 1 1
github.com/hashicorp/consul/acl/chained_authorizer.go:104.102,105.67 1 1
github.com/hashicorp/consul/acl/chained_authorizer.go:105.67,107.3 1 1
github.com/hashicorp/consul/acl/chained_authorizer.go:111.96,112.67 1 1
github.com/hashicorp/consul/acl/chained_authorizer.go:112.67,114.3 1 1
github.com/hashicorp/consul/acl/chained_authorizer.go:118.97,119.67 1 1
github.com/hashicorp/consul/acl/chained_authorizer.go:119.67,121.3 1 1
github.com/hashicorp/consul/acl/chained_authorizer.go:127.109,128.67 1 1
github.com/hashicorp/consul/acl/chained_authorizer.go:128.67,130.3 1 1
github.com/hashicorp/consul/acl/chained_authorizer.go:135.88,136.67 1 1
github.com/hashicorp/consul/acl/chained_authorizer.go:136.67,138.3 1 1
github.com/hashicorp/consul/acl/chained_authorizer.go:142.89,143.67 1 1
github.com/hashicorp/consul/acl/chained_authorizer.go:143.67,145.3 1 1
github.com/hashicorp/consul/acl/chained_authorizer.go:150.85,151.67 1 1
github.com/hashicorp/consul/acl/chained_authorizer.go:151.67,153.3 1 1
github.com/hashicorp/consul/acl/chained_authorizer.go:158.86,159.67 1 1
github.com/hashicorp/consul/acl/chained_authorizer.go:159.67,161.3 1 1
github.com/hashicorp/consul/acl/chained_authorizer.go:165.98,166.67 1 1
github.com/hashicorp/consul/acl/chained_authorizer.go:166.67,168.3 1 1
github.com/hashicorp/consul/acl/chained_authorizer.go:171.88,172.67 1 1
github.com/hashicorp/consul/acl/chained_authorizer.go:172.67,174.3 1 1
github.com/hashicorp/consul/acl/chained_authorizer.go:179.99,180.67 1 1
github.com/hashicorp/consul/acl/chained_authorizer.go:180.67,182.3 1 1
github.com/hashicorp/consul/acl/chained_authorizer.go:187.89,188.67 1 1
github.com/hashicorp/consul/acl/chained_authorizer.go:188.67,190.3 1 1
github.com/hashicorp/consul/acl/chained_authorizer.go:195.90,196.67 1 1
github.com/hashicorp/consul/acl/chained_authorizer.go:196.67,198.3 1 1
github.com/hashicorp/consul/acl/chained_authorizer.go:203.108,204.67 1 1
github.com/hashicorp/consul/acl/chained_authorizer.go:204.67,206.3 1 1
github.com/hashicorp/consul/acl/chained_authorizer.go:211.109,212.67 1 1
github.com/hashicorp/consul/acl/chained_authorizer.go:212.67,214.3 1 1
github.com/hashicorp/consul/acl/chained_authorizer.go:218.101,219.67 1 1
github.com/hashicorp/consul/acl/chained_authorizer.go:219.67,221.3 1 1
github.com/hashicorp/consul/acl/chained_authorizer.go:224.91,225.67 1 1
github.com/hashicorp/consul/acl/chained_authorizer.go:225.67,227.3 1 1
github.com/hashicorp/consul/acl/chained_authorizer.go:232.102,233.67 1 1
github.com/hashicorp/consul/acl/chained_authorizer.go:233.67,235.3 1 1
github.com/hashicorp/consul/acl/chained_authorizer.go:239.92,240.67 1 0
github.com/hashicorp/consul/acl/chained_authorizer.go:240.67,242.3 1 0
github.com/hashicorp/consul/acl/chained_authorizer.go:246.101,247.67 1 1
github.com/hashicorp/consul/acl/chained_authorizer.go:247.67,249.3 1 1
github.com/hashicorp/consul/acl/chained_authorizer.go:254.102,255.67 1 1
github.com/hashicorp/consul/acl/chained_authorizer.go:255.67,257.3 1 1
github.com/hashicorp/consul/acl/chained_authorizer.go:261.85,262.67 1 1
github.com/hashicorp/consul/acl/chained_authorizer.go:262.67,264.3 1 1
github.com/hashicorp/consul/acl/chained_authorizer.go:267.65,269.2 1 0
github.com/hashicorp/consul/acl/errors_oss.go:12.82,14.2 1 1
github.com/hashicorp/consul/acl/errors_oss.go:16.49,18.2 1 1
github.com/hashicorp/consul/acl/policy_authorizer.go:70.93,73.66 2 1
github.com/hashicorp/consul/acl/policy_authorizer.go:87.2,87.8 1 1
github.com/hashicorp/consul/acl/policy_authorizer.go:73.66,75.47 2 1
github.com/hashicorp/consul/acl/policy_authorizer.go:81.3,81.29 1 1
github.com/hashicorp/consul/acl/policy_authorizer.go:85.3,85.15 1 1
github.com/hashicorp/consul/acl/policy_authorizer.go:75.47,79.4 3 1
github.com/hashicorp/consul/acl/policy_authorizer.go:81.29,84.4 2 1
github.com/hashicorp/consul/acl/policy_authorizer.go:93.117,95.16 2 1
github.com/hashicorp/consul/acl/policy_authorizer.go:98.2,102.16 2 1
github.com/hashicorp/consul/acl/policy_authorizer.go:106.2,108.11 3 1
github.com/hashicorp/consul/acl/policy_authorizer.go:115.2,115.12 1 1
github.com/hashicorp/consul/acl/policy_authorizer.go:121.2,121.12 1 1
github.com/hashicorp/consul/acl/policy_authorizer.go:95.16,97.3 1 0
github.com/hashicorp/consul/acl/policy_authorizer.go:102.16,104.3 1 1
github.com/hashicorp/consul/acl/policy_authorizer.go:108.11,110.3 1 1
github.com/hashicorp/consul/acl/policy_authorizer.go:110.8,113.3 2 1
github.com/hashicorp/consul/acl/policy_authorizer.go:115.12,117.3 1 1
github.com/hashicorp/consul/acl/policy_authorizer.go:117.8,119.3 1 1
github.com/hashicorp/consul/acl/policy_authorizer.go:125.84,126.14 1 1
github.com/hashicorp/consul/acl/policy_authorizer.go:127.19,129.15 1 1
github.com/hashicorp/consul/acl/policy_authorizer.go:130.18,132.75 1 1
github.com/hashicorp/consul/acl/policy_authorizer.go:137.18,139.39 1 1
github.com/hashicorp/consul/acl/policy_authorizer.go:144.18,146.14 1 1
github.com/hashicorp/consul/acl/policy_authorizer.go:147.10,149.17 1 1
github.com/hashicorp/consul/acl/policy_authorizer.go:132.75,134.4 1 1
github.com/hashicorp/consul/acl/policy_authorizer.go:134.9,136.4 1 1
github.com/hashicorp/consul/acl/policy_authorizer.go:139.39,141.4 1 1
github.com/hashicorp/consul/acl/policy_authorizer.go:141.9,143.4 1 1
github.com/hashicorp/consul/acl/policy_authorizer.go:153.71,154.18 1 1
github.com/hashicorp/consul/acl/policy_authorizer.go:155.22,156.15 1 1
github.com/hashicorp/consul/acl/policy_authorizer.go:157.10,158.14 1 0
github.com/hashicorp/consul/acl/policy_authorizer.go:162.65,164.35 1 1
github.com/hashicorp/consul/acl/policy_authorizer.go:171.2,171.42 1 1
github.com/hashicorp/consul/acl/policy_authorizer.go:178.2,178.33 1 1
github.com/hashicorp/consul/acl/policy_authorizer.go:185.2,185.40 1 1
github.com/hashicorp/consul/acl/policy_authorizer.go:192.2,192.34 1 1
github.com/hashicorp/consul/acl/policy_authorizer.go:199.2,199.41 1 1
github.com/hashicorp/consul/acl/policy_authorizer.go:206.2,206.37 1 1
github.com/hashicorp/consul/acl/policy_authorizer.go:227.2,227.44 1 1
github.com/hashicorp/consul/acl/policy_authorizer.go:248.2,248.37 1 1
github.com/hashicorp/consul/acl/policy_authorizer.go:255.2,255.44 1 1
github.com/hashicorp/consul/acl/policy_authorizer.go:262.2,262.35 1 1
github.com/hashicorp/consul/acl/policy_authorizer.go:269.2,269.42 1 1
github.com/hashicorp/consul/acl/policy_authorizer.go:276.2,276.44 1 1
github.com/hashicorp/consul/acl/policy_authorizer.go:283.2,283.50 1 1
github.com/hashicorp/consul/acl/policy_authorizer.go:290.2,290.22 1 1
github.com/hashicorp/consul/acl/policy_authorizer.go:299.2,299.26 1 1
github.com/hashicorp/consul/acl/policy_authorizer.go:308.2,308.27 1 1
github.com/hashicorp/consul/acl/policy_authorizer.go:317.2,317.23 1 1
github.com/hashicorp/consul/acl/policy_authorizer.go:325.2,325.12 1 1
github.com/hashicorp/consul/acl/policy_authorizer.go:164.35,165.93 1 1
github.com/hashicorp/consul/acl/policy_authorizer.go:165.93,167.4 1 0
github.com/hashicorp/consul/acl/policy_authorizer.go:171.42,172.92 1 1
github.com/hashicorp/consul/acl/policy_authorizer.go:172.92,174.4 1 0
github.com/hashicorp/consul/acl/policy_authorizer.go:178.33,179.108 1 1
github.com/hashicorp/consul/acl/policy_authorizer.go:179.108,181.4 1 0
github.com/hashicorp/consul/acl/policy_authorizer.go:185.40,186.107 1 1
github.com/hashicorp/consul/acl/policy_authorizer.go:186.107,188.4 1 0
github.com/hashicorp/consul/acl/policy_authorizer.go:192.34,193.107 1 1
github.com/hashicorp/consul/acl/policy_authorizer.go:193.107,195.4 1 0
github.com/hashicorp/consul/acl/policy_authorizer.go:199.41,200.106 1 1
github.com/hashicorp/consul/acl/policy_authorizer.go:200.106,202.4 1 0
github.com/hashicorp/consul/acl/policy_authorizer.go:206.37,207.110 1 1
github.com/hashicorp/consul/acl/policy_authorizer.go:211.3,212.22 2 1
github.com/hashicorp/consul/acl/policy_authorizer.go:221.3,221.112 1 1
github.com/hashicorp/consul/acl/policy_authorizer.go:207.110,209.4 1 0
github.com/hashicorp/consul/acl/policy_authorizer.go:212.22,213.21 1 1
github.com/hashicorp/consul/acl/policy_authorizer.go:214.33,215.27 1 1
github.com/hashicorp/consul/acl/policy_authorizer.go:216.12,217.27 1 1
github.com/hashicorp/consul/acl/policy_authorizer.go:221.112,223.4 1 0
github.com/hashicorp/consul/acl/policy_authorizer.go:227.44,228.109 1 1
github.com/hashicorp/consul/acl/policy_authorizer.go:232.3,233.22 2 1
github.com/hashicorp/consul/acl/policy_authorizer.go:242.3,242.111 1 1
github.com/hashicorp/consul/acl/policy_authorizer.go:228.109,230.4 1 0
github.com/hashicorp/consul/acl/policy_authorizer.go:233.22,234.21 1 1
github.com/hashicorp/consul/acl/policy_authorizer.go:235.33,236.27 1 1
github.com/hashicorp/consul/acl/policy_authorizer.go:237.12,238.27 1 1
github.com/hashicorp/consul/acl/policy_authorizer.go:242.111,244.4 1 0
github.com/hashicorp/consul/acl/policy_authorizer.go:248.37,249.95 1 1
github.com/hashicorp/consul/acl/policy_authorizer.go:249.95,251.4 1 0
github.com/hashicorp/consul/acl/policy_authorizer.go:255.44,256.94 1 1
github.com/hashicorp/consul/acl/policy_authorizer.go:256.94,258.4 1 0
github.com/hashicorp/consul/acl/policy_authorizer.go:262.35,263.94 1 1
github.com/hashicorp/consul/acl/policy_authorizer.go:263.94,265.4 1 0
github.com/hashicorp/consul/acl/policy_authorizer.go:269.42,270.93 1 1
github.com/hashicorp/consul/acl/policy_authorizer.go:270.93,272.4 1 0
github.com/hashicorp/consul/acl/policy_authorizer.go:276.44,277.103 1 1
github.com/hashicorp/consul/acl/policy_authorizer.go:277.103,279.4 1 0
github.com/hashicorp/consul/acl/policy_authorizer.go:283.50,284.102 1 1
github.com/hashicorp/consul/acl/policy_authorizer.go:284.102,286.4 1 0
github.com/hashicorp/consul/acl/policy_authorizer.go:290.22,292.17 2 1
github.com/hashicorp/consul/acl/policy_authorizer.go:295.3,295.52 1 1
github.com/hashicorp/consul/acl/policy_authorizer.go:292.17,294.4 1 0
github.com/hashicorp/consul/acl/policy_authorizer.go:299.26,301.17 2 1
github.com/hashicorp/consul/acl/policy_authorizer.go:304.3,304.56 1 1
github.com/hashicorp/consul/acl/policy_authorizer.go:301.17,303.4 1 0
github.com/hashicorp/consul/acl/policy_authorizer.go:308.27,310.17 2 1
github.com/hashicorp/consul/acl/policy_authorizer.go:313.3,313.57 1 1
github.com/hashicorp/consul/acl/policy_authorizer.go:310.17,312.4 1 0
github.com/hashicorp/consul/acl/policy_authorizer.go:317.23,319.17 2 1
github.com/hashicorp/consul/acl/policy_authorizer.go:322.3,322.53 1 1
github.com/hashicorp/consul/acl/policy_authorizer.go:319.17,321.4 1 0
github.com/hashicorp/consul/acl/policy_authorizer.go:328.86,332.2 2 1
github.com/hashicorp/consul/acl/policy_authorizer.go:334.95,348.43 3 1
github.com/hashicorp/consul/acl/policy_authorizer.go:352.2,352.15 1 1
github.com/hashicorp/consul/acl/policy_authorizer.go:348.43,350.3 1 0
github.com/hashicorp/consul/acl/policy_authorizer.go:362.82,367.39 2 1
github.com/hashicorp/consul/acl/policy_authorizer.go:374.2,374.52 1 1
github.com/hashicorp/consul/acl/policy_authorizer.go:383.2,383.17 1 1
github.com/hashicorp/consul/acl/policy_authorizer.go:367.39,369.24 2 1
github.com/hashicorp/consul/acl/policy_authorizer.go:369.24,371.4 1 1
github.com/hashicorp/consul/acl/policy_authorizer.go:374.52,375.37 1 1
github.com/hashicorp/consul/acl/policy_authorizer.go:380.3,380.15 1 1
github.com/hashicorp/consul/acl/policy_authorizer.go:375.37,378.4 2 1
github.com/hashicorp/consul/acl/policy_authorizer.go:386.82,390.39 2 1
github.com/hashicorp/consul/acl/policy_authorizer.go:403.2,403.52 1 1
github.com/hashicorp/consul/acl/policy_authorizer.go:411.2,411.17 1 1
github.com/hashicorp/consul/acl/policy_authorizer.go:390.39,398.23 2 1
github.com/hashicorp/consul/acl/policy_authorizer.go:398.23,400.4 1 1
github.com/hashicorp/consul/acl/policy_authorizer.go:403.52,404.36 1 1
github.com/hashicorp/consul/acl/policy_authorizer.go:408.3,408.15 1 1
github.com/hashicorp/consul/acl/policy_authorizer.go:404.36,407.4 2 1
github.com/hashicorp/consul/acl/policy_authorizer.go:414.113,415.85 1 1
github.com/hashicorp/consul/acl/policy_authorizer.go:415.85,419.25 3 1
github.com/hashicorp/consul/acl/policy_authorizer.go:423.3,423.59 1 1
github.com/hashicorp/consul/acl/policy_authorizer.go:427.3,427.56 1 1
github.com/hashicorp/consul/acl/policy_authorizer.go:419.25,421.4 1 1
github.com/hashicorp/consul/acl/policy_authorizer.go:423.59,425.4 1 1
github.com/hashicorp/consul/acl/policy_authorizer.go:431.113,432.85 1 1
github.com/hashicorp/consul/acl/policy_authorizer.go:432.85,436.25 3 1
github.com/hashicorp/consul/acl/policy_authorizer.go:440.3,440.64 1 1
github.com/hashicorp/consul/acl/policy_authorizer.go:444.3,446.26 2 1
github.com/hashicorp/consul/acl/policy_authorizer.go:452.3,452.18 1 1
github.com/hashicorp/consul/acl/policy_authorizer.go:436.25,438.4 1 1
github.com/hashicorp/consul/acl/policy_authorizer.go:440.64,442.4 1 1
github.com/hashicorp/consul/acl/policy_authorizer.go:446.26,450.4 1 0
github.com/hashicorp/consul/acl/policy_authorizer.go:457.76,458.22 1 1
github.com/hashicorp/consul/acl/policy_authorizer.go:461.2,461.16 1 1
github.com/hashicorp/consul/acl/policy_authorizer.go:458.22,460.3 1 1
github.com/hashicorp/consul/acl/policy_authorizer.go:465.77,466.22 1 1
github.com/hashicorp/consul/acl/policy_authorizer.go:469.2,469.16 1 1
github.com/hashicorp/consul/acl/policy_authorizer.go:466.22,468.3 1 1
github.com/hashicorp/consul/acl/policy_authorizer.go:474.93,475.51 1 1
github.com/hashicorp/consul/acl/policy_authorizer.go:478.2,478.16 1 1
github.com/hashicorp/consul/acl/policy_authorizer.go:475.51,477.3 1 1
github.com/hashicorp/consul/acl/policy_authorizer.go:483.94,484.51 1 1
github.com/hashicorp/consul/acl/policy_authorizer.go:487.2,487.16 1 1
github.com/hashicorp/consul/acl/policy_authorizer.go:484.51,486.3 1 1
github.com/hashicorp/consul/acl/policy_authorizer.go:491.79,492.22 1 1
github.com/hashicorp/consul/acl/policy_authorizer.go:495.2,495.16 1 1
github.com/hashicorp/consul/acl/policy_authorizer.go:492.22,494.3 1 0
github.com/hashicorp/consul/acl/policy_authorizer.go:500.93,501.51 1 1
github.com/hashicorp/consul/acl/policy_authorizer.go:504.2,504.16 1 1
github.com/hashicorp/consul/acl/policy_authorizer.go:501.51,503.3 1 1
github.com/hashicorp/consul/acl/policy_authorizer.go:509.94,510.51 1 1
github.com/hashicorp/consul/acl/policy_authorizer.go:513.2,513.16 1 1
github.com/hashicorp/consul/acl/policy_authorizer.go:510.51,512.3 1 1
github.com/hashicorp/consul/acl/policy_authorizer.go:518.92,521.2 1 1
github.com/hashicorp/consul/acl/policy_authorizer.go:525.99,526.19 1 1
github.com/hashicorp/consul/acl/policy_authorizer.go:530.2,530.57 1 1
github.com/hashicorp/consul/acl/policy_authorizer.go:533.2,533.16 1 1
github.com/hashicorp/consul/acl/policy_authorizer.go:526.19,528.3 1 1
github.com/hashicorp/consul/acl/policy_authorizer.go:530.57,532.3 1 1
github.com/hashicorp/consul/acl/policy_authorizer.go:538.100,539.19 1 1
github.com/hashicorp/consul/acl/policy_authorizer.go:543.2,543.57 1 1
github.com/hashicorp/consul/acl/policy_authorizer.go:546.2,546.16 1 1
github.com/hashicorp/consul/acl/policy_authorizer.go:539.19,541.3 1 1
github.com/hashicorp/consul/acl/policy_authorizer.go:543.57,545.3 1 1
github.com/hashicorp/consul/acl/policy_authorizer.go:550.90,551.48 1 1
github.com/hashicorp/consul/acl/policy_authorizer.go:554.2,554.16 1 1
github.com/hashicorp/consul/acl/policy_authorizer.go:551.48,553.3 1 1
github.com/hashicorp/consul/acl/policy_authorizer.go:558.90,559.48 1 1
github.com/hashicorp/consul/acl/policy_authorizer.go:562.2,562.16 1 1
github.com/hashicorp/consul/acl/policy_authorizer.go:559.48,561.3 1 1
github.com/hashicorp/consul/acl/policy_authorizer.go:566.96,567.48 1 1
github.com/hashicorp/consul/acl/policy_authorizer.go:574.2,574.16 1 1
github.com/hashicorp/consul/acl/policy_authorizer.go:567.48,569.24 2 1
github.com/hashicorp/consul/acl/policy_authorizer.go:572.3,572.18 1 1
github.com/hashicorp/consul/acl/policy_authorizer.go:569.24,571.4 1 1
github.com/hashicorp/consul/acl/policy_authorizer.go:583.100,609.71 2 1
github.com/hashicorp/consul/acl/policy_authorizer.go:625.2,625.24 1 1
github.com/hashicorp/consul/acl/policy_authorizer.go:631.2,632.73 2 1
github.com/hashicorp/consul/acl/policy_authorizer.go:649.2,649.32 1 1
github.com/hashicorp/consul/acl/policy_authorizer.go:656.2,656.19 1 1
github.com/hashicorp/consul/acl/policy_authorizer.go:609.71,612.25 2 1
github.com/hashicorp/consul/acl/policy_authorizer.go:619.3,619.15 1 1
github.com/hashicorp/consul/acl/policy_authorizer.go:612.25,613.41 1 1
github.com/hashicorp/consul/acl/policy_authorizer.go:613.41,615.5 1 1
github.com/hashicorp/consul/acl/policy_authorizer.go:615.10,617.5 1 1
github.com/hashicorp/consul/acl/policy_authorizer.go:625.24,627.3 1 1
github.com/hashicorp/consul/acl/policy_authorizer.go:632.73,635.62 2 1
github.com/hashicorp/consul/acl/policy_authorizer.go:639.3,639.60 1 1
github.com/hashicorp/consul/acl/policy_authorizer.go:644.3,644.15 1 1
github.com/hashicorp/consul/acl/policy_authorizer.go:635.62,638.4 2 1
github.com/hashicorp/consul/acl/policy_authorizer.go:639.60,642.4 2 1
github.com/hashicorp/consul/acl/policy_authorizer.go:649.32,651.3 1 1
github.com/hashicorp/consul/acl/policy_authorizer.go:661.80,662.26 1 1
github.com/hashicorp/consul/acl/policy_authorizer.go:665.2,665.16 1 1
github.com/hashicorp/consul/acl/policy_authorizer.go:662.26,664.3 1 1
github.com/hashicorp/consul/acl/policy_authorizer.go:669.81,670.26 1 1
github.com/hashicorp/consul/acl/policy_authorizer.go:673.2,673.16 1 1
github.com/hashicorp/consul/acl/policy_authorizer.go:670.26,672.3 1 1
github.com/hashicorp/consul/acl/policy_authorizer.go:677.81,678.23 1 1
github.com/hashicorp/consul/acl/policy_authorizer.go:682.2,682.28 1 1
github.com/hashicorp/consul/acl/policy_authorizer.go:678.23,680.3 1 1
github.com/hashicorp/consul/acl/policy_authorizer.go:687.82,688.23 1 1
github.com/hashicorp/consul/acl/policy_authorizer.go:692.2,692.29 1 1
github.com/hashicorp/consul/acl/policy_authorizer.go:688.23,690.3 1 1
github.com/hashicorp/consul/acl/policy_authorizer.go:696.81,697.27 1 1
github.com/hashicorp/consul/acl/policy_authorizer.go:700.2,700.16 1 1
github.com/hashicorp/consul/acl/policy_authorizer.go:697.27,699.3 1 1
github.com/hashicorp/consul/acl/policy_authorizer.go:705.82,706.27 1 1
github.com/hashicorp/consul/acl/policy_authorizer.go:709.2,709.16 1 1
github.com/hashicorp/consul/acl/policy_authorizer.go:706.27,708.3 1 1
github.com/hashicorp/consul/acl/policy_authorizer.go:713.92,714.50 1 1
github.com/hashicorp/consul/acl/policy_authorizer.go:717.2,717.16 1 1
github.com/hashicorp/consul/acl/policy_authorizer.go:714.50,716.3 1 1
github.com/hashicorp/consul/acl/policy_authorizer.go:720.82,722.2 1 1
github.com/hashicorp/consul/acl/policy_authorizer.go:725.93,726.50 1 1
github.com/hashicorp/consul/acl/policy_authorizer.go:729.2,729.16 1 1
github.com/hashicorp/consul/acl/policy_authorizer.go:726.50,728.3 1 1
github.com/hashicorp/consul/acl/policy_authorizer.go:734.103,735.61 1 1
github.com/hashicorp/consul/acl/policy_authorizer.go:738.2,738.16 1 1
github.com/hashicorp/consul/acl/policy_authorizer.go:735.61,737.3 1 1
github.com/hashicorp/consul/acl/policy_authorizer.go:743.104,744.61 1 1
github.com/hashicorp/consul/acl/policy_authorizer.go:747.2,747.16 1 1
github.com/hashicorp/consul/acl/policy_authorizer.go:744.61,746.3 1 1
github.com/hashicorp/consul/acl/policy_authorizer.go:751.95,752.53 1 1
github.com/hashicorp/consul/acl/policy_authorizer.go:755.2,755.16 1 1
github.com/hashicorp/consul/acl/policy_authorizer.go:752.53,754.3 1 1
github.com/hashicorp/consul/acl/policy_authorizer.go:758.85,760.2 1 1
github.com/hashicorp/consul/acl/policy_authorizer.go:763.96,764.53 1 1
github.com/hashicorp/consul/acl/policy_authorizer.go:767.2,767.16 1 1
github.com/hashicorp/consul/acl/policy_authorizer.go:764.53,766.3 1 1
github.com/hashicorp/consul/acl/policy_authorizer.go:770.86,772.2 1 1
github.com/hashicorp/consul/acl/policy_authorizer.go:775.95,776.53 1 1
github.com/hashicorp/consul/acl/policy_authorizer.go:779.2,779.16 1 1
github.com/hashicorp/consul/acl/policy_authorizer.go:776.53,778.3 1 1
github.com/hashicorp/consul/acl/policy_authorizer.go:783.96,785.53 1 1
github.com/hashicorp/consul/acl/policy_authorizer.go:788.2,788.16 1 1
github.com/hashicorp/consul/acl/policy_authorizer.go:785.53,787.3 1 1
github.com/hashicorp/consul/acl/policy_authorizer.go:791.64,793.2 1 0
github.com/hashicorp/consul/acl/acl_oss.go:12.37,14.2 0 0
github.com/hashicorp/consul/acl/policy_authorizer_oss.go:9.57,11.2 0 1
github.com/hashicorp/consul/acl/policy_authorizer_oss.go:13.111,15.2 1 1
github.com/hashicorp/consul/acl/policy_authorizer_oss.go:18.85,20.2 1 1
github.com/hashicorp/consul/acl/policy_authorizer_oss.go:24.122,26.16 2 1
github.com/hashicorp/consul/acl/policy_authorizer_oss.go:30.2,30.69 1 1
github.com/hashicorp/consul/acl/policy_authorizer_oss.go:26.16,28.3 1 0
github.com/hashicorp/consul/acl/authorizer.go:24.46,25.11 1 1
github.com/hashicorp/consul/acl/authorizer.go:26.13,27.17 1 1
github.com/hashicorp/consul/acl/authorizer.go:28.12,29.16 1 1
github.com/hashicorp/consul/acl/authorizer.go:30.15,31.19 1 0
github.com/hashicorp/consul/acl/authorizer.go:32.10,33.19 1 0
github.com/hashicorp/consul/acl/authorizer.go:181.71,182.40 1 0
github.com/hashicorp/consul/acl/authorizer.go:185.2,185.12 1 0
github.com/hashicorp/consul/acl/authorizer.go:182.40,184.3 1 0
github.com/hashicorp/consul/acl/authorizer.go:189.72,190.41 1 0
github.com/hashicorp/consul/acl/authorizer.go:193.2,193.12 1 0
github.com/hashicorp/consul/acl/authorizer.go:190.41,192.3 1 0
github.com/hashicorp/consul/acl/authorizer.go:198.86,199.48 1 0
github.com/hashicorp/consul/acl/authorizer.go:202.2,202.12 1 0
github.com/hashicorp/consul/acl/authorizer.go:199.48,201.3 1 0
github.com/hashicorp/consul/acl/authorizer.go:207.87,208.49 1 0
github.com/hashicorp/consul/acl/authorizer.go:211.2,211.12 1 0
github.com/hashicorp/consul/acl/authorizer.go:208.49,210.3 1 0
github.com/hashicorp/consul/acl/authorizer.go:215.86,216.48 1 0
github.com/hashicorp/consul/acl/authorizer.go:219.2,219.12 1 0
github.com/hashicorp/consul/acl/authorizer.go:216.48,218.3 1 0
github.com/hashicorp/consul/acl/authorizer.go:223.87,224.49 1 0
github.com/hashicorp/consul/acl/authorizer.go:227.2,227.12 1 0
github.com/hashicorp/consul/acl/authorizer.go:224.49,226.3 1 0
github.com/hashicorp/consul/acl/authorizer.go:232.85,233.54 1 0
github.com/hashicorp/consul/acl/authorizer.go:238.2,238.12 1 0
github.com/hashicorp/consul/acl/authorizer.go:233.54,237.3 1 0
github.com/hashicorp/consul/acl/authorizer.go:242.90,243.52 1 0
github.com/hashicorp/consul/acl/authorizer.go:246.2,246.12 1 0
github.com/hashicorp/consul/acl/authorizer.go:243.52,245.3 1 0
github.com/hashicorp/consul/acl/authorizer.go:251.91,252.53 1 0
github.com/hashicorp/consul/acl/authorizer.go:255.2,255.12 1 0
github.com/hashicorp/consul/acl/authorizer.go:252.53,254.3 1 0
github.com/hashicorp/consul/acl/authorizer.go:259.84,260.46 1 0
github.com/hashicorp/consul/acl/authorizer.go:263.2,263.12 1 0
github.com/hashicorp/consul/acl/authorizer.go:260.46,262.3 1 0
github.com/hashicorp/consul/acl/authorizer.go:267.84,268.46 1 0
github.com/hashicorp/consul/acl/authorizer.go:271.2,271.12 1 0
github.com/hashicorp/consul/acl/authorizer.go:268.46,270.3 1 0
github.com/hashicorp/consul/acl/authorizer.go:275.85,276.47 1 0
github.com/hashicorp/consul/acl/authorizer.go:279.2,279.12 1 0
github.com/hashicorp/consul/acl/authorizer.go:276.47,278.3 1 0
github.com/hashicorp/consul/acl/authorizer.go:285.91,286.53 1 0
github.com/hashicorp/consul/acl/authorizer.go:291.2,291.12 1 0
github.com/hashicorp/consul/acl/authorizer.go:286.53,290.3 1 0
github.com/hashicorp/consul/acl/authorizer.go:296.75,297.44 1 0
github.com/hashicorp/consul/acl/authorizer.go:300.2,300.12 1 0
github.com/hashicorp/consul/acl/authorizer.go:297.44,299.3 1 0
github.com/hashicorp/consul/acl/authorizer.go:304.76,305.45 1 0
github.com/hashicorp/consul/acl/authorizer.go:308.2,308.12 1 0
github.com/hashicorp/consul/acl/authorizer.go:305.45,307.3 1 0
github.com/hashicorp/consul/acl/authorizer.go:313.72,314.41 1 0
github.com/hashicorp/consul/acl/authorizer.go:317.2,317.12 1 0
github.com/hashicorp/consul/acl/authorizer.go:314.41,316.3 1 0
github.com/hashicorp/consul/acl/authorizer.go:322.73,323.42 1 0
github.com/hashicorp/consul/acl/authorizer.go:326.2,326.12 1 0
github.com/hashicorp/consul/acl/authorizer.go:323.42,325.3 1 0
github.com/hashicorp/consul/acl/authorizer.go:330.85,331.47 1 0
github.com/hashicorp/consul/acl/authorizer.go:334.2,334.12 1 0
github.com/hashicorp/consul/acl/authorizer.go:331.47,333.3 1 0
github.com/hashicorp/consul/acl/authorizer.go:338.75,339.44 1 0
github.com/hashicorp/consul/acl/authorizer.go:343.2,343.12 1 0
github.com/hashicorp/consul/acl/authorizer.go:339.44,342.3 1 0
github.com/hashicorp/consul/acl/authorizer.go:348.86,349.48 1 0
github.com/hashicorp/consul/acl/authorizer.go:352.2,352.12 1 0
github.com/hashicorp/consul/acl/authorizer.go:349.48,351.3 1 0
github.com/hashicorp/consul/acl/authorizer.go:357.76,358.45 1 0
github.com/hashicorp/consul/acl/authorizer.go:361.2,361.12 1 0
github.com/hashicorp/consul/acl/authorizer.go:358.45,360.3 1 0
github.com/hashicorp/consul/acl/authorizer.go:366.77,367.46 1 0
github.com/hashicorp/consul/acl/authorizer.go:370.2,370.12 1 0
github.com/hashicorp/consul/acl/authorizer.go:367.46,369.3 1 0
github.com/hashicorp/consul/acl/authorizer.go:375.94,376.56 1 0
github.com/hashicorp/consul/acl/authorizer.go:379.2,379.12 1 0
github.com/hashicorp/consul/acl/authorizer.go:376.56,378.3 1 0
github.com/hashicorp/consul/acl/authorizer.go:384.95,385.57 1 0
github.com/hashicorp/consul/acl/authorizer.go:388.2,388.12 1 0
github.com/hashicorp/consul/acl/authorizer.go:385.57,387.3 1 0
github.com/hashicorp/consul/acl/authorizer.go:392.88,393.50 1 0
github.com/hashicorp/consul/acl/authorizer.go:396.2,396.12 1 0
github.com/hashicorp/consul/acl/authorizer.go:393.50,395.3 1 0
github.com/hashicorp/consul/acl/authorizer.go:400.78,401.47 1 0
github.com/hashicorp/consul/acl/authorizer.go:405.2,405.12 1 0
github.com/hashicorp/consul/acl/authorizer.go:401.47,404.3 1 0
github.com/hashicorp/consul/acl/authorizer.go:410.89,411.51 1 0
github.com/hashicorp/consul/acl/authorizer.go:414.2,414.12 1 0
github.com/hashicorp/consul/acl/authorizer.go:411.51,413.3 1 0
github.com/hashicorp/consul/acl/authorizer.go:418.79,419.48 1 0
github.com/hashicorp/consul/acl/authorizer.go:422.2,422.12 1 0
github.com/hashicorp/consul/acl/authorizer.go:419.48,421.3 1 0
github.com/hashicorp/consul/acl/authorizer.go:426.88,427.50 1 0
github.com/hashicorp/consul/acl/authorizer.go:430.2,430.12 1 0
github.com/hashicorp/consul/acl/authorizer.go:427.50,429.3 1 0
github.com/hashicorp/consul/acl/authorizer.go:435.89,436.51 1 0
github.com/hashicorp/consul/acl/authorizer.go:439.2,439.12 1 0
github.com/hashicorp/consul/acl/authorizer.go:436.51,438.3 1 0
github.com/hashicorp/consul/acl/authorizer.go:443.72,444.41 1 0
github.com/hashicorp/consul/acl/authorizer.go:448.2,448.12 1 0
github.com/hashicorp/consul/acl/authorizer.go:444.41,447.3 1 0
github.com/hashicorp/consul/acl/authorizer.go:451.130,454.13 2 1
github.com/hashicorp/consul/acl/authorizer.go:550.2,550.82 1 1
github.com/hashicorp/consul/acl/authorizer.go:455.19,456.22 1 1
github.com/hashicorp/consul/acl/authorizer.go:462.21,463.22 1 1
github.com/hashicorp/consul/acl/authorizer.go:469.21,470.22 1 1
github.com/hashicorp/consul/acl/authorizer.go:476.25,477.22 1 1
github.com/hashicorp/consul/acl/authorizer.go:483.19,484.22 1 1
github.com/hashicorp/consul/acl/authorizer.go:494.23,495.22 1 1
github.com/hashicorp/consul/acl/authorizer.go:501.20,502.22 1 0
github.com/hashicorp/consul/acl/authorizer.go:508.20,509.22 1 1
github.com/hashicorp/consul/acl/authorizer.go:515.24,516.22 1 1
github.com/hashicorp/consul/acl/authorizer.go:522.21,523.22 1 1
github.com/hashicorp/consul/acl/authorizer.go:529.23,530.22 1 1
github.com/hashicorp/consul/acl/authorizer.go:536.23,537.22 1 1
github.com/hashicorp/consul/acl/authorizer.go:543.10,544.102 1 1
github.com/hashicorp/consul/acl/authorizer.go:547.3,547.69 1 1
github.com/hashicorp/consul/acl/authorizer.go:457.15,458.34 1 1
github.com/hashicorp/consul/acl/authorizer.go:459.16,460.35 1 1
github.com/hashicorp/consul/acl/authorizer.go:464.15,465.45 1 1
github.com/hashicorp/consul/acl/authorizer.go:466.16,467.46 1 1
github.com/hashicorp/consul/acl/authorizer.go:471.15,472.45 1 1
github.com/hashicorp/consul/acl/authorizer.go:473.16,474.46 1 1
github.com/hashicorp/consul/acl/authorizer.go:478.15,479.49 1 1
github.com/hashicorp/consul/acl/authorizer.go:480.16,481.50 1 1
github.com/hashicorp/consul/acl/authorizer.go:485.15,486.43 1 1
github.com/hashicorp/consul/acl/authorizer.go:487.15,488.43 1 1
github.com/hashicorp/consul/acl/authorizer.go:489.16,490.44 1 1
github.com/hashicorp/consul/acl/authorizer.go:491.23,492.50 1 0
github.com/hashicorp/consul/acl/authorizer.go:496.15,497.38 1 1
github.com/hashicorp/consul/acl/authorizer.go:498.16,499.39 1 1
github.com/hashicorp/consul/acl/authorizer.go:503.15,504.35 1 0
github.com/hashicorp/consul/acl/authorizer.go:505.16,506.36 1 0
github.com/hashicorp/consul/acl/authorizer.go:510.15,511.44 1 1
github.com/hashicorp/consul/acl/authorizer.go:512.16,513.45 1 1
github.com/hashicorp/consul/acl/authorizer.go:517.15,518.39 1 1
github.com/hashicorp/consul/acl/authorizer.go:519.16,520.40 1 1
github.com/hashicorp/consul/acl/authorizer.go:524.15,525.53 1 1
github.com/hashicorp/consul/acl/authorizer.go:526.16,527.54 1 1
github.com/hashicorp/consul/acl/authorizer.go:531.15,532.47 1 1
github.com/hashicorp/consul/acl/authorizer.go:533.16,534.48 1 1
github.com/hashicorp/consul/acl/authorizer.go:538.15,539.47 1 1
github.com/hashicorp/consul/acl/authorizer.go:540.16,541.48 1 1
github.com/hashicorp/consul/acl/authorizer.go:544.102,546.4 1 0
github.com/hashicorp/consul/acl/authorizer.go:555.127,557.16 2 0
github.com/hashicorp/consul/acl/authorizer.go:561.2,561.53 1 0
github.com/hashicorp/consul/acl/authorizer.go:557.16,559.3 1 0
github.com/hashicorp/consul/acl/policy.go:39.38,40.11 1 1
github.com/hashicorp/consul/acl/policy.go:41.18,42.20 1 0
github.com/hashicorp/consul/acl/policy.go:43.18,44.20 1 1
github.com/hashicorp/consul/acl/policy.go:45.18,46.20 1 0
github.com/hashicorp/consul/acl/policy.go:47.19,48.21 1 0
github.com/hashicorp/consul/acl/policy.go:49.10,50.19 1 0
github.com/hashicorp/consul/acl/policy.go:54.63,55.32 1 1
github.com/hashicorp/consul/acl/policy.go:56.18,57.25 1 1
github.com/hashicorp/consul/acl/policy.go:58.18,59.25 1 1
github.com/hashicorp/consul/acl/policy.go:60.18,61.25 1 1
github.com/hashicorp/consul/acl/policy.go:62.19,63.26 1 1
github.com/hashicorp/consul/acl/policy.go:64.10,65.76 1 1
github.com/hashicorp/consul/acl/policy.go:152.56,154.16 2 1
github.com/hashicorp/consul/acl/policy.go:157.2,157.40 1 1
github.com/hashicorp/consul/acl/policy.go:160.2,160.13 1 1
github.com/hashicorp/consul/acl/policy.go:154.16,156.3 1 1
github.com/hashicorp/consul/acl/policy.go:157.40,159.3 1 1
github.com/hashicorp/consul/acl/policy.go:163.53,165.51 1 1
github.com/hashicorp/consul/acl/policy.go:170.2,170.31 1 1
github.com/hashicorp/consul/acl/policy.go:175.2,175.38 1 1
github.com/hashicorp/consul/acl/policy.go:182.2,182.29 1 1
github.com/hashicorp/consul/acl/policy.go:190.2,190.36 1 1
github.com/hashicorp/consul/acl/policy.go:200.2,200.30 1 1
github.com/hashicorp/consul/acl/policy.go:208.2,208.37 1 1
github.com/hashicorp/consul/acl/policy.go:218.2,218.33 1 1
github.com/hashicorp/consul/acl/policy.go:229.2,229.40 1 1
github.com/hashicorp/consul/acl/policy.go:242.2,242.33 1 1
github.com/hashicorp/consul/acl/policy.go:247.2,247.40 1 1
github.com/hashicorp/consul/acl/policy.go:254.2,254.31 1 1
github.com/hashicorp/consul/acl/policy.go:259.2,259.38 1 1
github.com/hashicorp/consul/acl/policy.go:266.2,266.40 1 1
github.com/hashicorp/consul/acl/policy.go:271.2,271.46 1 1
github.com/hashicorp/consul/acl/policy.go:278.2,278.59 1 1
github.com/hashicorp/consul/acl/policy.go:283.2,283.61 1 1
github.com/hashicorp/consul/acl/policy.go:288.2,288.53 1 1
github.com/hashicorp/consul/acl/policy.go:292.2,292.12 1 1
github.com/hashicorp/consul/acl/policy.go:165.51,167.3 1 1
github.com/hashicorp/consul/acl/policy.go:170.31,171.39 1 1
github.com/hashicorp/consul/acl/policy.go:171.39,173.4 1 1
github.com/hashicorp/consul/acl/policy.go:175.38,176.39 1 1
github.com/hashicorp/consul/acl/policy.go:176.39,178.4 1 1
github.com/hashicorp/consul/acl/policy.go:182.29,183.38 1 1
github.com/hashicorp/consul/acl/policy.go:186.3,186.69 1 1
github.com/hashicorp/consul/acl/policy.go:183.38,185.4 1 1
github.com/hashicorp/consul/acl/policy.go:186.69,188.4 1 0
github.com/hashicorp/consul/acl/policy.go:190.36,191.38 1 1
github.com/hashicorp/consul/acl/policy.go:194.3,194.69 1 1
github.com/hashicorp/consul/acl/policy.go:191.38,193.4 1 1
github.com/hashicorp/consul/acl/policy.go:194.69,196.4 1 0
github.com/hashicorp/consul/acl/policy.go:200.30,201.39 1 1
github.com/hashicorp/consul/acl/policy.go:204.3,204.69 1 1
github.com/hashicorp/consul/acl/policy.go:201.39,203.4 1 1
github.com/hashicorp/consul/acl/policy.go:204.69,206.4 1 0
github.com/hashicorp/consul/acl/policy.go:208.37,209.39 1 1
github.com/hashicorp/consul/acl/policy.go:212.3,212.69 1 1
github.com/hashicorp/consul/acl/policy.go:209.39,211.4 1 1
github.com/hashicorp/consul/acl/policy.go:212.69,214.4 1 0
github.com/hashicorp/consul/acl/policy.go:218.33,219.39 1 1
github.com/hashicorp/consul/acl/policy.go:222.3,222.66 1 1
github.com/hashicorp/consul/acl/policy.go:225.3,225.69 1 1
github.com/hashicorp/consul/acl/policy.go:219.39,221.4 1 1
github.com/hashicorp/consul/acl/policy.go:222.66,224.4 1 1
github.com/hashicorp/consul/acl/policy.go:225.69,227.4 1 0
github.com/hashicorp/consul/acl/policy.go:229.40,230.39 1 1
github.com/hashicorp/consul/acl/policy.go:233.3,233.66 1 1
github.com/hashicorp/consul/acl/policy.go:236.3,236.69 1 1
github.com/hashicorp/consul/acl/policy.go:230.39,232.4 1 1
github.com/hashicorp/consul/acl/policy.go:233.66,235.4 1 0
github.com/hashicorp/consul/acl/policy.go:236.69,238.4 1 0
github.com/hashicorp/consul/acl/policy.go:242.33,243.39 1 1
github.com/hashicorp/consul/acl/policy.go:243.39,245.4 1 1
github.com/hashicorp/consul/acl/policy.go:247.40,248.39 1 1
github.com/hashicorp/consul/acl/policy.go:248.39,250.4 1 1
github.com/hashicorp/consul/acl/policy.go:254.31,255.39 1 1
github.com/hashicorp/consul/acl/policy.go:255.39,257.4 1 1
github.com/hashicorp/consul/acl/policy.go:259.38,260.39 1 1
github.com/hashicorp/consul/acl/policy.go:260.39,262.4 1 1
github.com/hashicorp/consul/acl/policy.go:266.40,267.39 1 1
github.com/hashicorp/consul/acl/policy.go:267.39,269.4 1 1
github.com/hashicorp/consul/acl/policy.go:271.46,272.39 1 1
github.com/hashicorp/consul/acl/policy.go:272.39,274.4 1 1
github.com/hashicorp/consul/acl/policy.go:278.59,280.3 1 1
github.com/hashicorp/consul/acl/policy.go:283.61,285.3 1 1
github.com/hashicorp/consul/acl/policy.go:288.53,290.3 1 1
github.com/hashicorp/consul/acl/policy.go:295.92,297.16 2 1
github.com/hashicorp/consul/acl/policy.go:301.2,301.53 1 1
github.com/hashicorp/consul/acl/policy.go:305.2,305.63 1 1
github.com/hashicorp/consul/acl/policy.go:309.2,309.15 1 1
github.com/hashicorp/consul/acl/policy.go:297.16,299.3 1 0
github.com/hashicorp/consul/acl/policy.go:301.53,303.3 1 1
github.com/hashicorp/consul/acl/policy.go:305.63,307.3 1 0
github.com/hashicorp/consul/acl/policy.go:312.63,330.46 4 1
github.com/hashicorp/consul/acl/policy.go:335.2,335.31 1 1
github.com/hashicorp/consul/acl/policy.go:344.2,344.29 1 1
github.com/hashicorp/consul/acl/policy.go:357.2,357.30 1 1
github.com/hashicorp/consul/acl/policy.go:369.2,369.33 1 1
github.com/hashicorp/consul/acl/policy.go:384.2,384.33 1 1
github.com/hashicorp/consul/acl/policy.go:393.2,393.31 1 1
github.com/hashicorp/consul/acl/policy.go:402.2,402.40 1 1
github.com/hashicorp/consul/acl/policy.go:411.2,411.59 1 1
github.com/hashicorp/consul/acl/policy.go:418.2,418.61 1 1
github.com/hashicorp/consul/acl/policy.go:424.2,424.15 1 1
github.com/hashicorp/consul/acl/policy.go:330.46,332.3 1 0
github.com/hashicorp/consul/acl/policy.go:335.31,336.39 1 1
github.com/hashicorp/consul/acl/policy.go:340.3,340.48 1 1
github.com/hashicorp/consul/acl/policy.go:336.39,338.4 1 0
github.com/hashicorp/consul/acl/policy.go:344.29,345.38 1 1
github.com/hashicorp/consul/acl/policy.go:349.3,349.69 1 1
github.com/hashicorp/consul/acl/policy.go:353.3,353.44 1 1
github.com/hashicorp/consul/acl/policy.go:345.38,347.4 1 0
github.com/hashicorp/consul/acl/policy.go:349.69,351.4 1 0
github.com/hashicorp/consul/acl/policy.go:357.30,358.39 1 1
github.com/hashicorp/consul/acl/policy.go:361.3,361.69 1 1
github.com/hashicorp/consul/acl/policy.go:365.3,365.46 1 1
github.com/hashicorp/consul/acl/policy.go:358.39,360.4 1 0
github.com/hashicorp/consul/acl/policy.go:361.69,363.4 1 0
github.com/hashicorp/consul/acl/policy.go:369.33,370.39 1 1
github.com/hashicorp/consul/acl/policy.go:373.3,373.66 1 1
github.com/hashicorp/consul/acl/policy.go:376.3,376.69 1 1
github.com/hashicorp/consul/acl/policy.go:380.3,380.52 1 1
github.com/hashicorp/consul/acl/policy.go:370.39,372.4 1 0
github.com/hashicorp/consul/acl/policy.go:373.66,375.4 1 1
github.com/hashicorp/consul/acl/policy.go:376.69,378.4 1 0
github.com/hashicorp/consul/acl/policy.go:384.33,385.39 1 1
github.com/hashicorp/consul/acl/policy.go:389.3,389.52 1 1
github.com/hashicorp/consul/acl/policy.go:385.39,387.4 1 0
github.com/hashicorp/consul/acl/policy.go:393.31,394.39 1 1
github.com/hashicorp/consul/acl/policy.go:398.3,398.48 1 1
github.com/hashicorp/consul/acl/policy.go:394.39,396.4 1 0
github.com/hashicorp/consul/acl/policy.go:402.40,403.39 1 1
github.com/hashicorp/consul/acl/policy.go:407.3,407.64 1 1
github.com/hashicorp/consul/acl/policy.go:403.39,405.4 1 0
github.com/hashicorp/consul/acl/policy.go:411.59,413.3 1 0
github.com/hashicorp/consul/acl/policy.go:413.8,415.3 1 1
github.com/hashicorp/consul/acl/policy.go:418.61,420.3 1 0
github.com/hashicorp/consul/acl/policy.go:420.8,422.3 1 1
github.com/hashicorp/consul/acl/policy.go:430.121,431.17 1 1
github.com/hashicorp/consul/acl/policy.go:436.2,438.16 3 1
github.com/hashicorp/consul/acl/policy.go:446.2,446.20 1 1
github.com/hashicorp/consul/acl/policy.go:431.17,434.3 1 0
github.com/hashicorp/consul/acl/policy.go:439.20,440.41 1 1
github.com/hashicorp/consul/acl/policy.go:441.21,442.48 1 1
github.com/hashicorp/consul/acl/policy.go:443.10,444.62 1 0
github.com/hashicorp/consul/acl/policy.go:451.44,452.21 1 1
github.com/hashicorp/consul/acl/policy.go:458.2,458.22 1 1
github.com/hashicorp/consul/acl/policy.go:464.2,464.21 1 1
github.com/hashicorp/consul/acl/policy.go:470.2,470.21 1 1
github.com/hashicorp/consul/acl/policy.go:476.2,476.14 1 1
github.com/hashicorp/consul/acl/policy.go:452.21,454.3 1 1
github.com/hashicorp/consul/acl/policy.go:454.8,454.28 1 1
github.com/hashicorp/consul/acl/policy.go:454.28,456.3 1 1
github.com/hashicorp/consul/acl/policy.go:458.22,460.3 1 1
github.com/hashicorp/consul/acl/policy.go:460.8,460.29 1 1
github.com/hashicorp/consul/acl/policy.go:460.29,462.3 1 1
github.com/hashicorp/consul/acl/policy.go:464.21,466.3 1 1
github.com/hashicorp/consul/acl/policy.go:466.8,466.28 1 1
github.com/hashicorp/consul/acl/policy.go:466.28,468.3 1 1
github.com/hashicorp/consul/acl/policy.go:470.21,472.3 1 1
github.com/hashicorp/consul/acl/policy.go:472.8,472.28 1 1
github.com/hashicorp/consul/acl/policy.go:472.28,474.3 1 1
github.com/hashicorp/consul/acl/policy.go:479.63,481.16 2 1
github.com/hashicorp/consul/acl/policy.go:485.2,485.69 1 1
github.com/hashicorp/consul/acl/policy.go:523.2,525.61 2 1
github.com/hashicorp/consul/acl/policy.go:529.2,529.28 1 1
github.com/hashicorp/consul/acl/policy.go:481.16,483.3 1 0
github.com/hashicorp/consul/acl/policy.go:485.69,486.27 1 1
github.com/hashicorp/consul/acl/policy.go:520.3,520.20 1 1
github.com/hashicorp/consul/acl/policy.go:487.24,488.23 1 1
github.com/hashicorp/consul/acl/policy.go:492.4,493.44 2 1
github.com/hashicorp/consul/acl/policy.go:500.4,500.15 1 1
github.com/hashicorp/consul/acl/policy.go:488.23,490.5 1 0
github.com/hashicorp/consul/acl/policy.go:493.44,495.19 2 1
github.com/hashicorp/consul/acl/policy.go:495.19,497.6 1 1
github.com/hashicorp/consul/acl/policy.go:501.18,502.36 1 1
github.com/hashicorp/consul/acl/policy.go:503.17,504.42 1 1
github.com/hashicorp/consul/acl/policy.go:505.15,506.40 1 1
github.com/hashicorp/consul/acl/policy.go:507.16,508.41 1 1
github.com/hashicorp/consul/acl/policy.go:509.17,510.42 1 1
github.com/hashicorp/consul/acl/policy.go:511.19,512.44 1 1
github.com/hashicorp/consul/acl/policy.go:513.19,514.44 1 1
github.com/hashicorp/consul/acl/policy.go:515.17,516.42 1 1
github.com/hashicorp/consul/acl/policy.go:525.61,527.3 1 0
github.com/hashicorp/consul/acl/policy_merger.go:24.42,43.2 18 1
github.com/hashicorp/consul/acl/policy_merger.go:45.62,46.48 1 1
github.com/hashicorp/consul/acl/policy_merger.go:50.2,50.35 1 1
github.com/hashicorp/consul/acl/policy_merger.go:61.2,61.42 1 1
github.com/hashicorp/consul/acl/policy_merger.go:72.2,72.35 1 1
github.com/hashicorp/consul/acl/policy_merger.go:83.2,83.42 1 1
github.com/hashicorp/consul/acl/policy_merger.go:94.2,94.56 1 1
github.com/hashicorp/consul/acl/policy_merger.go:98.2,98.33 1 1
github.com/hashicorp/consul/acl/policy_merger.go:109.2,109.40 1 1
github.com/hashicorp/consul/acl/policy_merger.go:120.2,120.50 1 1
github.com/hashicorp/consul/acl/policy_merger.go:124.2,124.34 1 1
github.com/hashicorp/consul/acl/policy_merger.go:135.2,135.41 1 1
github.com/hashicorp/consul/acl/policy_merger.go:146.2,146.58 1 1
github.com/hashicorp/consul/acl/policy_merger.go:150.2,150.44 1 1
github.com/hashicorp/consul/acl/policy_merger.go:161.2,161.50 1 1
github.com/hashicorp/consul/acl/policy_merger.go:172.2,172.37 1 1
github.com/hashicorp/consul/acl/policy_merger.go:190.2,190.44 1 1
github.com/hashicorp/consul/acl/policy_merger.go:208.2,208.37 1 1
github.com/hashicorp/consul/acl/policy_merger.go:219.2,219.44 1 1
github.com/hashicorp/consul/acl/policy_merger.go:46.48,48.3 1 1
github.com/hashicorp/consul/acl/policy_merger.go:50.35,52.56 2 1
github.com/hashicorp/consul/acl/policy_merger.go:56.3,56.13 1 1
github.com/hashicorp/consul/acl/policy_merger.go:52.56,54.4 1 1
github.com/hashicorp/consul/acl/policy_merger.go:56.13,58.4 1 1
github.com/hashicorp/consul/acl/policy_merger.go:61.42,63.62 2 1
github.com/hashicorp/consul/acl/policy_merger.go:67.3,67.13 1 1
github.com/hashicorp/consul/acl/policy_merger.go:63.62,65.4 1 1
github.com/hashicorp/consul/acl/policy_merger.go:67.13,69.4 1 1
github.com/hashicorp/consul/acl/policy_merger.go:72.35,74.57 2 1
github.com/hashicorp/consul/acl/policy_merger.go:78.3,78.13 1 1
github.com/hashicorp/consul/acl/policy_merger.go:74.57,76.4 1 1
github.com/hashicorp/consul/acl/policy_merger.go:78.13,80.4 1 1
github.com/hashicorp/consul/acl/policy_merger.go:83.42,85.63 2 1
github.com/hashicorp/consul/acl/policy_merger.go:89.3,89.13 1 1
github.com/hashicorp/consul/acl/policy_merger.go:85.63,87.4 1 1
github.com/hashicorp/consul/acl/policy_merger.go:89.13,91.4 1 1
github.com/hashicorp/consul/acl/policy_merger.go:94.56,96.3 1 1
github.com/hashicorp/consul/acl/policy_merger.go:98.33,100.56 2 1
github.com/hashicorp/consul/acl/policy_merger.go:104.3,104.13 1 1
github.com/hashicorp/consul/acl/policy_merger.go:100.56,102.4 1 1
github.com/hashicorp/consul/acl/policy_merger.go:104.13,106.4 1 1
github.com/hashicorp/consul/acl/policy_merger.go:109.40,111.62 2 1
github.com/hashicorp/consul/acl/policy_merger.go:115.3,115.13 1 1
github.com/hashicorp/consul/acl/policy_merger.go:111.62,113.4 1 1
github.com/hashicorp/consul/acl/policy_merger.go:115.13,117.4 1 1
github.com/hashicorp/consul/acl/policy_merger.go:120.50,122.3 1 1
github.com/hashicorp/consul/acl/policy_merger.go:124.34,126.55 2 1
github.com/hashicorp/consul/acl/policy_merger.go:130.3,130.13 1 1
github.com/hashicorp/consul/acl/policy_merger.go:126.55,128.4 1 1
github.com/hashicorp/consul/acl/policy_merger.go:130.13,132.4 1 1
github.com/hashicorp/consul/acl/policy_merger.go:135.41,137.61 2 1
github.com/hashicorp/consul/acl/policy_merger.go:141.3,141.13 1 1
github.com/hashicorp/consul/acl/policy_merger.go:137.61,139.4 1 1
github.com/hashicorp/consul/acl/policy_merger.go:141.13,143.4 1 1
github.com/hashicorp/consul/acl/policy_merger.go:146.58,148.3 1 1
github.com/hashicorp/consul/acl/policy_merger.go:150.44,152.66 2 1
github.com/hashicorp/consul/acl/policy_merger.go:156.3,156.13 1 1
github.com/hashicorp/consul/acl/policy_merger.go:152.66,154.4 1 1
github.com/hashicorp/consul/acl/policy_merger.go:156.13,158.4 1 1
github.com/hashicorp/consul/acl/policy_merger.go:161.50,163.72 2 1
github.com/hashicorp/consul/acl/policy_merger.go:167.3,167.13 1 1
github.com/hashicorp/consul/acl/policy_merger.go:163.72,165.4 1 1
github.com/hashicorp/consul/acl/policy_merger.go:167.13,169.4 1 1
github.com/hashicorp/consul/acl/policy_merger.go:172.37,175.13 2 1
github.com/hashicorp/consul/acl/policy_merger.go:180.3,180.54 1 1
github.com/hashicorp/consul/acl/policy_merger.go:185.3,185.62 1 1
github.com/hashicorp/consul/acl/policy_merger.go:175.13,177.12 2 1
github.com/hashicorp/consul/acl/policy_merger.go:180.54,183.4 2 1
github.com/hashicorp/consul/acl/policy_merger.go:185.62,187.4 1 1
github.com/hashicorp/consul/acl/policy_merger.go:190.44,193.13 2 1
github.com/hashicorp/consul/acl/policy_merger.go:198.3,198.54 1 1
github.com/hashicorp/consul/acl/policy_merger.go:203.3,203.62 1 1
github.com/hashicorp/consul/acl/policy_merger.go:193.13,195.12 2 1
github.com/hashicorp/consul/acl/policy_merger.go:198.54,201.4 2 1
github.com/hashicorp/consul/acl/policy_merger.go:203.62,205.4 1 1
github.com/hashicorp/consul/acl/policy_merger.go:208.37,210.58 2 1
github.com/hashicorp/consul/acl/policy_merger.go:214.3,214.13 1 1
github.com/hashicorp/consul/acl/policy_merger.go:210.58,212.4 1 1
github.com/hashicorp/consul/acl/policy_merger.go:214.13,216.4 1 1
github.com/hashicorp/consul/acl/policy_merger.go:219.44,221.64 2 1
github.com/hashicorp/consul/acl/policy_merger.go:225.3,225.13 1 1
github.com/hashicorp/consul/acl/policy_merger.go:221.64,223.4 1 1
github.com/hashicorp/consul/acl/policy_merger.go:225.13,227.4 1 1
github.com/hashicorp/consul/acl/policy_merger.go:231.61,241.38 6 1
github.com/hashicorp/consul/acl/policy_merger.go:245.2,246.44 2 1
github.com/hashicorp/consul/acl/policy_merger.go:250.2,251.38 2 1
github.com/hashicorp/consul/acl/policy_merger.go:255.2,256.44 2 1
github.com/hashicorp/consul/acl/policy_merger.go:260.2,261.36 2 1
github.com/hashicorp/consul/acl/policy_merger.go:265.2,266.42 2 1
github.com/hashicorp/consul/acl/policy_merger.go:270.2,271.37 2 1
github.com/hashicorp/consul/acl/policy_merger.go:275.2,276.43 2 1
github.com/hashicorp/consul/acl/policy_merger.go:280.2,281.46 2 1
github.com/hashicorp/consul/acl/policy_merger.go:285.2,286.52 2 1
github.com/hashicorp/consul/acl/policy_merger.go:290.2,291.40 2 1
github.com/hashicorp/consul/acl/policy_merger.go:295.2,296.46 2 1
github.com/hashicorp/consul/acl/policy_merger.go:300.2,301.40 2 1
github.com/hashicorp/consul/acl/policy_merger.go:305.2,306.46 2 1
github.com/hashicorp/consul/acl/policy_merger.go:241.38,243.3 1 1
github.com/hashicorp/consul/acl/policy_merger.go:246.44,248.3 1 1
github.com/hashicorp/consul/acl/policy_merger.go:251.38,253.3 1 1
github.com/hashicorp/consul/acl/policy_merger.go:256.44,258.3 1 1
github.com/hashicorp/consul/acl/policy_merger.go:261.36,263.3 1 1
github.com/hashicorp/consul/acl/policy_merger.go:266.42,268.3 1 1
github.com/hashicorp/consul/acl/policy_merger.go:271.37,273.3 1 1
github.com/hashicorp/consul/acl/policy_merger.go:276.43,278.3 1 1
github.com/hashicorp/consul/acl/policy_merger.go:281.46,283.3 1 1
github.com/hashicorp/consul/acl/policy_merger.go:286.52,288.3 1 1
github.com/hashicorp/consul/acl/policy_merger.go:291.40,293.3 1 1
github.com/hashicorp/consul/acl/policy_merger.go:296.46,298.3 1 1
github.com/hashicorp/consul/acl/policy_merger.go:301.40,303.3 1 1
github.com/hashicorp/consul/acl/policy_merger.go:306.46,308.3 1 1
github.com/hashicorp/consul/acl/policy_merger.go:316.31,319.2 2 1
github.com/hashicorp/consul/acl/policy_merger.go:321.46,324.2 2 1
github.com/hashicorp/consul/acl/policy_merger.go:327.41,333.2 4 1
github.com/hashicorp/consul/acl/policy_merger.go:335.48,338.29 3 1
github.com/hashicorp/consul/acl/policy_merger.go:342.2,342.24 1 1
github.com/hashicorp/consul/acl/policy_merger.go:338.29,340.3 1 1
github.com/hashicorp/consul/acl/policy_merger_oss.go:8.55,10.2 0 1
github.com/hashicorp/consul/acl/policy_merger_oss.go:12.78,14.2 0 1
github.com/hashicorp/consul/acl/policy_merger_oss.go:16.77,18.2 0 1
github.com/hashicorp/consul/acl/policy_oss.go:18.58,21.2 1 1
github.com/hashicorp/consul/acl/policy_oss.go:26.57,29.2 1 1
github.com/hashicorp/consul/acl/policy_oss.go:31.85,34.45 2 1
github.com/hashicorp/consul/acl/policy_oss.go:38.2,38.15 1 1
github.com/hashicorp/consul/acl/policy_oss.go:34.45,36.3 1 0
github.com/hashicorp/consul/acl/static_authorizer.go:33.76,34.19 1 1
github.com/hashicorp/consul/acl/static_authorizer.go:37.2,37.13 1 1
github.com/hashicorp/consul/acl/static_authorizer.go:34.19,36.3 1 1
github.com/hashicorp/consul/acl/static_authorizer.go:40.77,41.19 1 1
github.com/hashicorp/consul/acl/static_authorizer.go:44.2,44.13 1 1
github.com/hashicorp/consul/acl/static_authorizer.go:41.19,43.3 1 1
github.com/hashicorp/consul/acl/static_authorizer.go:47.86,48.20 1 1
github.com/hashicorp/consul/acl/static_authorizer.go:51.2,51.13 1 1
github.com/hashicorp/consul/acl/static_authorizer.go:48.20,50.3 1 1
github.com/hashicorp/consul/acl/static_authorizer.go:54.87,55.20 1 1
github.com/hashicorp/consul/acl/static_authorizer.go:58.2,58.13 1 1
github.com/hashicorp/consul/acl/static_authorizer.go:55.20,57.3 1 1
github.com/hashicorp/consul/acl/static_authorizer.go:61.86,62.20 1 1
github.com/hashicorp/consul/acl/static_authorizer.go:65.2,65.13 1 1
github.com/hashicorp/consul/acl/static_authorizer.go:62.20,64.3 1 1
github.com/hashicorp/consul/acl/static_authorizer.go:68.87,69.20 1 1
github.com/hashicorp/consul/acl/static_authorizer.go:72.2,72.13 1 1
github.com/hashicorp/consul/acl/static_authorizer.go:69.20,71.3 1 1
github.com/hashicorp/consul/acl/static_authorizer.go:75.90,76.20 1 1
github.com/hashicorp/consul/acl/static_authorizer.go:79.2,79.13 1 1
github.com/hashicorp/consul/acl/static_authorizer.go:76.20,78.3 1 1
github.com/hashicorp/consul/acl/static_authorizer.go:82.90,83.20 1 1
github.com/hashicorp/consul/acl/static_authorizer.go:86.2,86.13 1 1
github.com/hashicorp/consul/acl/static_authorizer.go:83.20,85.3 1 1
github.com/hashicorp/consul/acl/static_authorizer.go:89.91,90.20 1 1
github.com/hashicorp/consul/acl/static_authorizer.go:93.2,93.13 1 1
github.com/hashicorp/consul/acl/static_authorizer.go:90.20,92.3 1 1
github.com/hashicorp/consul/acl/static_authorizer.go:96.84,97.20 1 1
github.com/hashicorp/consul/acl/static_authorizer.go:100.2,100.13 1 1
github.com/hashicorp/consul/acl/static_authorizer.go:97.20,99.3 1 1
github.com/hashicorp/consul/acl/static_authorizer.go:103.84,104.20 1 1
github.com/hashicorp/consul/acl/static_authorizer.go:107.2,107.13 1 1
github.com/hashicorp/consul/acl/static_authorizer.go:104.20,106.3 1 1
github.com/hashicorp/consul/acl/static_authorizer.go:110.85,111.20 1 1
github.com/hashicorp/consul/acl/static_authorizer.go:114.2,114.13 1 1
github.com/hashicorp/consul/acl/static_authorizer.go:111.20,113.3 1 1
github.com/hashicorp/consul/acl/static_authorizer.go:117.91,118.20 1 1
github.com/hashicorp/consul/acl/static_authorizer.go:121.2,121.13 1 1
github.com/hashicorp/consul/acl/static_authorizer.go:118.20,120.3 1 1
github.com/hashicorp/consul/acl/static_authorizer.go:124.80,125.20 1 1
github.com/hashicorp/consul/acl/static_authorizer.go:128.2,128.13 1 1
github.com/hashicorp/consul/acl/static_authorizer.go:125.20,127.3 1 1
github.com/hashicorp/consul/acl/static_authorizer.go:131.81,132.20 1 1
github.com/hashicorp/consul/acl/static_authorizer.go:135.2,135.13 1 1
github.com/hashicorp/consul/acl/static_authorizer.go:132.20,134.3 1 1
github.com/hashicorp/consul/acl/static_authorizer.go:138.85,139.20 1 1
github.com/hashicorp/consul/acl/static_authorizer.go:142.2,142.13 1 1
github.com/hashicorp/consul/acl/static_authorizer.go:139.20,141.3 1 1
github.com/hashicorp/consul/acl/static_authorizer.go:145.80,146.20 1 1
github.com/hashicorp/consul/acl/static_authorizer.go:149.2,149.13 1 1
github.com/hashicorp/consul/acl/static_authorizer.go:146.20,148.3 1 1
github.com/hashicorp/consul/acl/static_authorizer.go:152.86,153.20 1 1
github.com/hashicorp/consul/acl/static_authorizer.go:156.2,156.13 1 1
github.com/hashicorp/consul/acl/static_authorizer.go:153.20,155.3 1 1
github.com/hashicorp/consul/acl/static_authorizer.go:159.77,160.20 1 1
github.com/hashicorp/consul/acl/static_authorizer.go:163.2,163.13 1 1
github.com/hashicorp/consul/acl/static_authorizer.go:160.20,162.3 1 1
github.com/hashicorp/consul/acl/static_authorizer.go:166.78,167.20 1 1
github.com/hashicorp/consul/acl/static_authorizer.go:170.2,170.13 1 1
github.com/hashicorp/consul/acl/static_authorizer.go:167.20,169.3 1 1
github.com/hashicorp/consul/acl/static_authorizer.go:173.81,174.20 1 1
github.com/hashicorp/consul/acl/static_authorizer.go:177.2,177.13 1 1
github.com/hashicorp/consul/acl/static_authorizer.go:174.20,176.3 1 1
github.com/hashicorp/consul/acl/static_authorizer.go:180.82,181.20 1 1
github.com/hashicorp/consul/acl/static_authorizer.go:184.2,184.13 1 1
github.com/hashicorp/consul/acl/static_authorizer.go:181.20,183.3 1 1
github.com/hashicorp/consul/acl/static_authorizer.go:187.94,188.20 1 1
github.com/hashicorp/consul/acl/static_authorizer.go:191.2,191.13 1 1
github.com/hashicorp/consul/acl/static_authorizer.go:188.20,190.3 1 1
github.com/hashicorp/consul/acl/static_authorizer.go:194.95,195.20 1 1
github.com/hashicorp/consul/acl/static_authorizer.go:198.2,198.13 1 1
github.com/hashicorp/consul/acl/static_authorizer.go:195.20,197.3 1 1
github.com/hashicorp/consul/acl/static_authorizer.go:201.88,202.20 1 1
github.com/hashicorp/consul/acl/static_authorizer.go:205.2,205.13 1 1
github.com/hashicorp/consul/acl/static_authorizer.go:202.20,204.3 1 1
github.com/hashicorp/consul/acl/static_authorizer.go:208.83,209.20 1 1
github.com/hashicorp/consul/acl/static_authorizer.go:212.2,212.13 1 1
github.com/hashicorp/consul/acl/static_authorizer.go:209.20,211.3 1 1
github.com/hashicorp/consul/acl/static_authorizer.go:215.89,216.20 1 1
github.com/hashicorp/consul/acl/static_authorizer.go:219.2,219.13 1 1
github.com/hashicorp/consul/acl/static_authorizer.go:216.20,218.3 1 1
github.com/hashicorp/consul/acl/static_authorizer.go:222.84,223.20 1 0
github.com/hashicorp/consul/acl/static_authorizer.go:226.2,226.13 1 0
github.com/hashicorp/consul/acl/static_authorizer.go:223.20,225.3 1 0
github.com/hashicorp/consul/acl/static_authorizer.go:229.88,230.20 1 1
github.com/hashicorp/consul/acl/static_authorizer.go:233.2,233.13 1 1
github.com/hashicorp/consul/acl/static_authorizer.go:230.20,232.3 1 1
github.com/hashicorp/consul/acl/static_authorizer.go:236.89,237.20 1 1
github.com/hashicorp/consul/acl/static_authorizer.go:240.2,240.13 1 1
github.com/hashicorp/consul/acl/static_authorizer.go:237.20,239.3 1 1
github.com/hashicorp/consul/acl/static_authorizer.go:243.79,244.19 1 1
github.com/hashicorp/consul/acl/static_authorizer.go:247.2,247.13 1 1
github.com/hashicorp/consul/acl/static_authorizer.go:244.19,246.3 1 1
github.com/hashicorp/consul/acl/static_authorizer.go:250.64,252.2 1 0
github.com/hashicorp/consul/acl/static_authorizer.go:255.28,257.2 1 1
github.com/hashicorp/consul/acl/static_authorizer.go:260.27,262.2 1 1
github.com/hashicorp/consul/acl/static_authorizer.go:265.29,267.2 1 1
github.com/hashicorp/consul/acl/static_authorizer.go:274.43,275.12 1 1
github.com/hashicorp/consul/acl/static_authorizer.go:276.15,277.18 1 1
github.com/hashicorp/consul/acl/static_authorizer.go:278.14,279.17 1 1
github.com/hashicorp/consul/acl/static_authorizer.go:280.16,281.19 1 1
github.com/hashicorp/consul/acl/static_authorizer.go:282.10,283.13 1 1
github.com/hashicorp/consul/acl/acl.go:28.43,29.38 1 0
github.com/hashicorp/consul/acl/acl.go:32.2,32.23 1 0
github.com/hashicorp/consul/acl/acl.go:29.38,31.3 1 0
github.com/hashicorp/consul/acl/acl.go:37.26,38.14 1 0
github.com/hashicorp/consul/acl/acl.go:38.14,40.3 1 0
github.com/hashicorp/consul/acl/errors.go:42.36,44.2 1 0
github.com/hashicorp/consul/acl/errors.go:48.38,50.2 1 0
github.com/hashicorp/consul/acl/errors.go:54.36,56.2 1 0
github.com/hashicorp/consul/acl/errors.go:60.44,62.2 1 0
github.com/hashicorp/consul/acl/errors.go:86.47,91.19 3 1
github.com/hashicorp/consul/acl/errors.go:96.2,96.22 1 1
github.com/hashicorp/consul/acl/errors.go:100.2,100.22 1 1
github.com/hashicorp/consul/acl/errors.go:106.2,108.29 2 1
github.com/hashicorp/consul/acl/errors.go:111.2,111.25 1 1
github.com/hashicorp/consul/acl/errors.go:91.19,94.3 2 1
github.com/hashicorp/consul/acl/errors.go:96.22,98.3 1 1
github.com/hashicorp/consul/acl/errors.go:100.22,102.3 1 1
github.com/hashicorp/consul/acl/errors.go:102.8,104.3 1 0
github.com/hashicorp/consul/acl/errors.go:108.29,110.3 1 1
github.com/hashicorp/consul/acl/errors.go:114.78,117.2 2 0
github.com/hashicorp/consul/acl/errors.go:120.159,123.2 2 1
github.com/hashicorp/consul/acl/errors.go:125.147,128.2 2 1
github.com/hashicorp/consul/acl/errors.go:130.50,132.27 2 1
github.com/hashicorp/consul/acl/errors.go:138.2,138.17 1 1
github.com/hashicorp/consul/acl/errors.go:133.23,134.26 1 0
github.com/hashicorp/consul/acl/errors.go:135.14,136.15 1 0
github.com/hashicorp/consul/acl/testing.go:9.163,11.16 2 0
github.com/hashicorp/consul/acl/testing.go:14.2,14.46 1 0
github.com/hashicorp/consul/acl/testing.go:11.16,13.3 1 0
github.com/hashicorp/consul/acl/testing.go:14.46,18.3 3 0
github.com/hashicorp/consul/acl/testing.go:18.8,20.3 1 0
github.com/hashicorp/consul/acl/testing.go:23.167,27.18 3 0
github.com/hashicorp/consul/acl/testing.go:46.2,46.65 1 0
github.com/hashicorp/consul/acl/testing.go:27.18,35.3 6 0
github.com/hashicorp/consul/acl/testing.go:35.8,44.3 7 0
github.com/hashicorp/consul/acl/authorizer_oss.go:12.127,14.2 1 1
